18:06:56 **** Build of configuration Debug for project Image Processing ****
make all 
Building file: ../src/simpleCUFFT.cu
Invoking: NVCC Compiler
nvcc warning : The 'compute_20', 'sm_20', and 'sm_21' architectures are deprecated, and may be removed in a future release (Use -Wno-deprecated-gpu-targets to suppress warning).
/usr/local/cuda-8.0/bin/nvcc -I"/usr/local/cuda-8.0/samples/7_CUDALibraries" -I"/usr/local/cuda-8.0/samples/common/inc" -I"/media/chiranjib/Linux/Classwork/Project/Image Processing" -G -g -O0 -gencode arch=compute_20,code=sm_20 -gencode arch=compute_20,code=sm_21 -m64 -odir "src" -M -o "src/simpleCUFFT.d" "../src/simpleCUFFT.cu"
/usr/local/cuda-8.0/bin/nvcc -I"/usr/local/cuda-8.0/samples/7_CUDALibraries" -I"/usr/local/cuda-8.0/samples/common/inc" -I"/media/chiranjib/Linux/Classwork/Project/Image Processing" -G -g -O0 --compile --relocatable-device-code=false -gencode arch=compute_20,code=compute_20 -gencode arch=compute_20,code=sm_21 -m64  -x cu -o  "src/simpleCUFFT.o" "../src/simpleCUFFT.cu"
nvcc warning : The 'compute_20', 'sm_20', and 'sm_21' architectures are deprecated, and may be removed in a future release (Use -Wno-deprecated-gpu-targets to suppress warning).
Finished building: ../src/simpleCUFFT.cu
 
Building target: Image Processing
Invoking: NVCC Linker
/usr/local/cuda-8.0/bin/nvcc --cudart static --relocatable-device-code=false -gencode arch=compute_20,code=compute_20 -gencode arch=compute_20,code=sm_21 -m64 -link -o  "Image Processing"  ./src/simpleCUFFT.o   -lcufft
nvcc warning : The 'compute_20', 'sm_20', and 'sm_21' architectures are deprecated, and may be removed in a future release (Use -Wno-deprecated-gpu-targets to suppress warning).
Finished building target: Image Processing
 
18:07:02 **** Incremental Build of configuration Debug for project Image Processing ****
make all 
make: Nothing to be done for 'all'.
18:09:55 **** Incremental Build of configuration Debug for project Image Processing ****
make all 
make: Nothing to be done for 'all'.
